// 重构日志: b0d003a8
// 重构日志: 98bd4478
// 重构日志: c914c4b4
// 重构日志: 99bb6fd2
// 重构日志: b24720f9
// 重构日志: 92277393
// 重构日志: 22d4437a
// 同步 ID: b35c313b @ Sun Jun 28 09:13:17 UTC 2026
// 同步 ID: 196ae08b @ Sun Jun 28 15:16:33 UTC 2026
// 同步 ID: dd482ad4 @ Thu Jul  2 10:27:50 UTC 2026
// 同步 ID: ef2a7038 @ Sat Jul  4 20:27:24 UTC 2026
// 同步 ID: 1b3c1cd1 @ Sun Jul  5 01:10:28 UTC 2026
// 重构日志: e8e81c2c
// 重构日志: f2148eec
// 同步 ID: 1c581cc6 @ Fri Jul 10 01:17:35 UTC 2026
// 同步 ID: b071241d @ Fri Jul 10 22:49:15 UTC 2026
// 重构日志: f9f9494b
// 同步 ID: f7ded4ac @ Sat Jul 11 08:22:13 UTC 2026
// 同步 ID: 9eb9530b @ Sat Jul 11 11:03:26 UTC 2026
// 重构日志: 858c3031
// 重构日志: ecbf3c10
// 重构日志: 42e47ead
// 重构日志: b99acfcc
// 重构日志: 0dba1379
// 同步 ID: 1295c7be @ Mon Jul 13 17:51:27 UTC 2026
// 同步 ID: 13e30c5b @ Tue Jul 14 01:56:00 UTC 2026
// 重构日志: 207e5214
// 重构日志: ab586e2e
// 重构日志: a5ba992c
// 同步 ID: a350dccc @ Wed Jul 15 21:16:44 UTC 2026
